<?xml version="1.0" encoding="UTF-8"?>
<!-- Generated by org.testng.reporters.JUnitReportReporter -->
<testsuite skipped="0" hostname="DESKTOP-PCG3QI7" name="RegressionTest.TestCase" tests="1" failures="0" timestamp="15 Aug 2018 04:31:07 GMT" time="0.061" errors="0">
  <testcase name="AppLaunch" time="0.061" classname="RegressionTest.TestCase"/>
</testsuite> <!-- RegressionTest.TestCase -->
