<?xml version="1.0" encoding="UTF-8"?>
<!-- Generated by org.testng.reporters.JUnitReportReporter -->
<testsuite skipped="0" hostname="DESKTOP-PCG3QI7" name="RegressionTest.TestCase" tests="1" failures="0" timestamp="19 Aug 2018 05:11:12 GMT" time="0.025" errors="0">
  <testcase name="AppLaunch" time="0.025" classname="RegressionTest.TestCase"/>
</testsuite> <!-- RegressionTest.TestCase -->
